
> @notifyc/adapter-fcm@1.0.0 build
> tsc


> @notifyc/adapter-postgres@1.0.0 build
> tsc

src/postgres_storage_adapter.ts(15,28): error TS2307: Cannot find module '../db/migrations' or its corresponding type declarations.
src/postgres_storage_adapter.ts(33,14): error TS2420: Class 'PostgresStorageAdapter' incorrectly implements interface 'StorageAdapter'.
  Type 'PostgresStorageAdapter' is missing the following properties from type 'StorageAdapter': markAsUnread, markAllAsUnread
npm error Lifecycle script `build` failed with error:
npm error code 2
npm error path /home/isaiah/devspace/my-open-source-projects/notifyc/packages/adapter-postgres
npm error workspace @notifyc/adapter-postgres@1.0.0
npm error location /home/isaiah/devspace/my-open-source-projects/notifyc/packages/adapter-postgres
npm error command failed
npm error command sh -c tsc


> @notifyc/adapter-sendgrid@1.0.0 build
> tsc


> @notifyc/adapter-smtp@1.0.0 build
> tsc


> @notifyc/adapter-twilio@1.0.0 build
> tsc


> @notifyc/core@1.0.0 build
> tsup src/index.ts --format cjs,esm --dts --clean

CLI Building entry: src/index.ts
CLI Using tsconfig: tsconfig.json
CLI tsup v7.2.0
CLI Target: es2020
CLI Cleaning output folder
CJS Build start
ESM Build start
CJS dist/index.js 26.36 KB
CJS ⚡️ Build success in 46ms
ESM dist/index.mjs 25.19 KB
ESM ⚡️ Build success in 46ms
DTS Build start
DTS ⚡️ Build success in 1684ms
DTS dist/index.d.ts  11.98 KB
DTS dist/index.d.mts 11.98 KB

> @notifyc/nestjs@1.0.0 build
> tsc


> @notifyc/react@1.0.0 build
> tsc

